# JRE version: Java(TM) SE Runtime Environment (17.0.12+8) (build 17.0.12+8-LTS-286)
# Java VM: Java HotSpot(TM) 64-Bit Server VM (17.0.12+8-LTS-286, mixed mode, sharing, tiered, compressed oops, compressed class ptrs, g1 gc, windows-amd64)
GC Precious Log:
 CPUs: 12 total, 12 available
 Memory: 7876M
 Large Page Support: Disabled
 NUMA Support: Disabled
 Compressed Oops: Enabled (32-bit)
 Heap Region Size: 1M
 Heap Min Capacity: 8M
 Heap Initial Capacity: 124M
 Heap Max Capacity: 1970M
 Pre-touch: Disabled
 Parallel Workers: 10
 Concurrent Workers: 3
 Concurrent Refinement Workers: 10
 Periodic GC: Disabled
Heap:
 garbage-first heap   total 51200K, used 36512K [0x0000000084e00000, 0x0000000100000000)
  region size 1024K, 18 young (18432K), 1 survivors (1024K)
 Metaspace       used 39693K, committed 40192K, reserved 1114112K
  class space    used 5243K, committed 5504K, reserved 1048576K
GC Heap History (16 events):
Event: 2.900 GC heap before
{Heap before GC invocations=0 (full 0):
 garbage-first heap   total 126976K, used 23552K [0x0000000084e00000, 0x0000000100000000)
  region size 1024K, 23 young (23552K), 0 survivors (0K)
 Metaspace       used 6336K, committed 6592K, reserved 1114112K
  class space    used 754K, committed 896K, reserved 1048576K
}
Event: 2.918 GC heap after
{Heap after GC invocations=1 (full 0):
 garbage-first heap   total 126976K, used 6911K [0x0000000084e00000, 0x0000000100000000)
  region size 1024K, 3 young (3072K), 3 survivors (3072K)
 Metaspace       used 6336K, committed 6592K, reserved 1114112K
  class space    used 754K, committed 896K, reserved 1048576K
}
Event: 4.298 GC heap before
{Heap before GC invocations=1 (full 0):
 garbage-first heap   total 126976K, used 33535K [0x0000000084e00000, 0x0000000100000000)
  region size 1024K, 30 young (30720K), 3 survivors (3072K)
 Metaspace       used 13530K, committed 13696K, reserved 1114112K
  class space    used 1656K, committed 1728K, reserved 1048576K
}
Event: 4.308 GC heap after
{Heap after GC invocations=2 (full 0):
 garbage-first heap   total 126976K, used 9505K [0x0000000084e00000, 0x0000000100000000)
  region size 1024K, 3 young (3072K), 3 survivors (3072K)
 Metaspace       used 13530K, committed 13696K, reserved 1114112K
  class space    used 1656K, committed 1728K, reserved 1048576K
}
Event: 7.352 GC heap before
{Heap before GC invocations=2 (full 0):
 garbage-first heap   total 126976K, used 60705K [0x0000000084e00000, 0x0000000100000000)
  region size 1024K, 55 young (56320K), 3 survivors (3072K)
 Metaspace       used 21273K, committed 21504K, reserved 1114112K
  class space    used 2629K, committed 2752K, reserved 1048576K
}
Event: 7.374 GC heap after
{Heap after GC invocations=3 (full 0):
 garbage-first heap   total 126976K, used 14022K [0x0000000084e00000, 0x0000000100000000)
  region size 1024K, 7 young (7168K), 7 survivors (7168K)
 Metaspace       used 21273K, committed 21504K, reserved 1114112K
  class space    used 2629K, committed 2752K, reserved 1048576K
}
Event: 9.317 GC heap before
{Heap before GC invocations=4 (full 0):
 garbage-first heap   total 51200K, used 37574K [0x0000000084e00000, 0x0000000100000000)
  region size 1024K, 30 young (30720K), 7 survivors (7168K)
 Metaspace       used 24543K, committed 24896K, reserved 1114112K
  class space    used 3092K, committed 3264K, reserved 1048576K
}
Event: 9.345 GC heap after
{Heap after GC invocations=5 (full 0):
 garbage-first heap   total 51200K, used 15999K [0x0000000084e00000, 0x0000000100000000)
  region size 1024K, 3 young (3072K), 3 survivors (3072K)
 Metaspace       used 24543K, committed 24896K, reserved 1114112K
  class space    used 3092K, committed 3264K, reserved 1048576K
}
Event: 11.186 GC heap before
{Heap before GC invocations=5 (full 0):
 garbage-first heap   total 51200K, used 35455K [0x0000000084e00000, 0x0000000100000000)
  region size 1024K, 22 young (22528K), 3 survivors (3072K)
 Metaspace       used 28577K, committed 28992K, reserved 1114112K
  class space    used 3634K, committed 3840K, reserved 1048576K
}
Event: 11.205 GC heap after
{Heap after GC invocations=6 (full 0):
 garbage-first heap   total 51200K, used 17748K [0x0000000084e00000, 0x0000000100000000)
  region size 1024K, 2 young (2048K), 2 survivors (2048K)
 Metaspace       used 28577K, committed 28992K, reserved 1114112K
  class space    used 3634K, committed 3840K, reserved 1048576K
}
Event: 12.800 GC heap before
{Heap before GC invocations=6 (full 0):
 garbage-first heap   total 51200K, used 37204K [0x0000000084e00000, 0x0000000100000000)
  region size 1024K, 21 young (21504K), 2 survivors (2048K)
 Metaspace       used 30728K, committed 31168K, reserved 1114112K
  class space    used 3943K, committed 4160K, reserved 1048576K
}
Event: 12.806 GC heap after
{Heap after GC invocations=7 (full 0):
 garbage-first heap   total 51200K, used 19270K [0x0000000084e00000, 0x0000000100000000)
  region size 1024K, 2 young (2048K), 2 survivors (2048K)
 Metaspace       used 30728K, committed 31168K, reserved 1114112K
  class space    used 3943K, committed 4160K, reserved 1048576K
}
Event: 14.662 GC heap before
{Heap before GC invocations=7 (full 0):
 garbage-first heap   total 51200K, used 37702K [0x0000000084e00000, 0x0000000100000000)
  region size 1024K, 20 young (20480K), 2 survivors (2048K)
 Metaspace       used 35271K, committed 35712K, reserved 1114112K
  class space    used 4590K, committed 4800K, reserved 1048576K
}
Event: 14.665 GC heap after
{Heap after GC invocations=8 (full 0):
 garbage-first heap   total 51200K, used 20025K [0x0000000084e00000, 0x0000000100000000)
  region size 1024K, 3 young (3072K), 3 survivors (3072K)
 Metaspace       used 35271K, committed 35712K, reserved 1114112K
  class space    used 4590K, committed 4800K, reserved 1048576K
}
Event: 14.775 GC heap before
{Heap before GC invocations=8 (full 0):
 garbage-first heap   total 51200K, used 21049K [0x0000000084e00000, 0x0000000100000000)
  region size 1024K, 5 young (5120K), 3 survivors (3072K)
 Metaspace       used 35543K, committed 35968K, reserved 1114112K
  class space    used 4646K, committed 4864K, reserved 1048576K
}
Event: 14.778 GC heap after
{Heap after GC invocations=9 (full 0):
 garbage-first heap   total 51200K, used 20128K [0x0000000084e00000, 0x0000000100000000)
  region size 1024K, 1 young (1024K), 1 survivors (1024K)
 Metaspace       used 35543K, committed 35968K, reserved 1114112K
  class space    used 4646K, committed 4864K, reserved 1048576K
}

